\BOOKMARK [1][-]{section.1}{\376\377\000A\000s\000s\000u\000m\000p\000t\000i\000o\000n\000s}{}% 1
\BOOKMARK [1][-]{section.2}{\376\377\000S\000e\000t\000s}{}% 2
\BOOKMARK [1][-]{section.3}{\376\377\000P\000a\000r\000a\000m\000e\000t\000e\000r\000s}{}% 3
\BOOKMARK [1][-]{section.4}{\376\377\000D\000e\000c\000i\000s\000i\000o\000n\000\040\000V\000a\000r\000i\000a\000b\000l\000e\000s}{}% 4
\BOOKMARK [1][-]{section.5}{\376\377\000O\000b\000j\000e\000c\000t\000i\000v\000e\000\040\000F\000u\000n\000c\000t\000i\000o\000n}{}% 5
\BOOKMARK [1][-]{section.6}{\376\377\000C\000o\000n\000s\000t\000r\000a\000i\000n\000t\000s}{}% 6
\BOOKMARK [2][-]{subsection.6.1}{\376\377\000F\000l\000o\000o\000r\000\040\000C\000a\000p\000a\000c\000i\000t\000y}{section.6}% 7
\BOOKMARK [2][-]{subsection.6.2}{\376\377\000F\000i\000x\000e\000d\000\040\000S\000e\000a\000t\000\040\000A\000l\000l\000o\000c\000a\000t\000i\000o\000n}{section.6}% 8
\BOOKMARK [2][-]{subsection.6.3}{\376\377\000C\000o\000l\000l\000a\000b\000o\000r\000a\000t\000i\000o\000n\000\040\000P\000a\000t\000t\000e\000r\000n}{section.6}% 9
\BOOKMARK [2][-]{subsection.6.4}{\376\377\000C\000o\000l\000l\000a\000b\000o\000r\000a\000t\000i\000o\000n\000\040\000S\000h\000i\000f\000t\000\040\000L\000i\000m\000i\000t}{section.6}% 10
\BOOKMARK [2][-]{subsection.6.5}{\376\377\000T\000o\000t\000a\000l\000\040\000E\000m\000p\000l\000o\000y\000e\000e\000\040\000A\000l\000l\000o\000c\000a\000t\000i\000o\000n}{section.6}% 11
\BOOKMARK [2][-]{subsection.6.6}{\376\377\000D\000a\000i\000l\000y\000\040\000E\000m\000p\000l\000o\000y\000e\000e\000\040\000L\000i\000m\000i\000t}{section.6}% 12
\BOOKMARK [2][-]{subsection.6.7}{\376\377\000T\000e\000a\000m\000\040\000F\000l\000o\000o\000r\000\040\000O\000c\000c\000u\000p\000a\000n\000c\000y}{section.6}% 13
\BOOKMARK [2][-]{subsection.6.8}{\376\377\000T\000e\000a\000m\000\040\000P\000r\000e\000s\000e\000n\000c\000e\000\040\000o\000n\000\040\000D\000a\000y}{section.6}% 14
\BOOKMARK [2][-]{subsection.6.9}{\376\377\000L\000o\000a\000d\000i\000n\000g\000\040\000B\000a\000l\000a\000n\000c\000e}{section.6}% 15
\BOOKMARK [2][-]{subsection.6.10}{\376\377\000M\000i\000n\000i\000m\000u\000m\000\040\000A\000l\000l\000o\000c\000a\000t\000i\000o\000n}{section.6}% 16
\BOOKMARK [2][-]{subsection.6.11}{\376\377\000M\000u\000l\000t\000i\000p\000l\000e\000\040\000F\000l\000o\000o\000r\000s\000\040\000p\000e\000r\000\040\000T\000e\000a\000m}{section.6}% 17
\BOOKMARK [2][-]{subsection.6.12}{\376\377\000T\000e\000a\000m\000s\000\040\000w\000i\000t\000h\000\040\000H\000i\000g\000h\000\040\000C\000o\000l\000l\000a\000b\000o\000r\000a\000t\000i\000o\000n\000\040\000N\000e\000e\000d\000s\000\040\000o\000n\000\040\000S\000a\000m\000e\000\040\000F\000l\000o\000o\000r}{section.6}% 18
\BOOKMARK [2][-]{subsection.6.13}{\376\377\000F\000a\000i\000r\000\040\000S\000h\000a\000r\000e\000\040\000A\000l\000l\000o\000c\000a\000t\000i\000o\000n}{section.6}% 19
\BOOKMARK [2][-]{subsection.6.14}{\376\377\000F\000l\000o\000o\000r\000\040\000C\000o\000n\000f\000i\000g\000u\000r\000a\000t\000i\000o\000n\000\040\000C\000o\000n\000s\000i\000s\000t\000e\000n\000c\000y}{section.6}% 20
\BOOKMARK [1][-]{section.7}{\376\377\000M\000o\000d\000e\000l\000\040\000O\000u\000t\000p\000u\000t}{}% 21
